<?xml version="1.0" encoding="UTF-8" standalone="yes"?><!DOCTYPE report PUBLIC "-//JACOCO//DTD Report 1.1//EN" "report.dtd"><report name="logstash-filter-hdfs-guardium"><sessioninfo id="andychens-mbp.war.can.ibm.com-f3f00bbc" start="1722283024432" dump="1722283030920"/><package name="com/ibm/guardium/hdfs"><class name="com/ibm/guardium/hdfs/HdfsGuardiumFilter" sourcefilename="HdfsGuardiumFilter.java"><method name="&lt;init&gt;" desc="(Ljava/lang/String;Lco/elastic/logstash/api/Configuration;Lco/elastic/logstash/api/Context;)V" line="83"><counter type="INSTRUCTION" missed="0" covered="6"/><counter type="LINE" missed="0" covered="3"/><counter type="COMPLEXITY" missed="0" covered="1"/><counter type="METHOD" missed="0" covered="1"/></method><method name="filter" desc="(Ljava/util/Collection;Lco/elastic/logstash/api/FilterMatchListener;)Ljava/util/Collection;" line="90"><counter type="INSTRUCTION" missed="20" covered="86"/><counter type="BRANCH" missed="2" covered="6"/><counter type="LINE" missed="4" covered="19"/><counter type="COMPLEXITY" missed="2" covered="3"/><counter type="METHOD" missed="0" covered="1"/></method><method name="logEvent" desc="(Lco/elastic/logstash/api/Event;)Ljava/lang/String;" line="127"><counter type="INSTRUCTION" missed="7" covered="58"/><counter type="BRANCH" missed="0" covered="4"/><counter type="LINE" missed="3" covered="11"/><counter type="COMPLEXITY" missed="0" covered="3"/><counter type="METHOD" missed="0" covered="1"/></method><method name="configSchema" desc="()Ljava/util/Collection;" line="148"><counter type="INSTRUCTION" missed="3" covered="0"/><counter type="LINE" missed="1" covered="0"/><counter type="COMPLEXITY" missed="1" covered="0"/><counter type="METHOD" missed="1" covered="0"/></method><method name="getId" desc="()Ljava/lang/String;" line="153"><counter type="INSTRUCTION" missed="3" covered="0"/><counter type="LINE" missed="1" covered="0"/><counter type="COMPLEXITY" missed="1" covered="0"/><counter type="METHOD" missed="1" covered="0"/></method><method name="parseRecord" desc="(Lco/elastic/logstash/api/Event;)Lcom/ibm/guardium/universalconnector/commons/structures/Record;" line="157"><counter type="INSTRUCTION" missed="7" covered="69"/><counter type="BRANCH" missed="3" covered="3"/><counter type="LINE" missed="2" covered="14"/><counter type="COMPLEXITY" missed="3" covered="1"/><counter type="METHOD" missed="0" covered="1"/></method><method name="getSessionHash" desc="(Ljava/lang/String;Ljava/lang/String;Ljava/lang/String;)S" line="188"><counter type="INSTRUCTION" missed="1" covered="39"/><counter type="BRANCH" missed="0" covered="2"/><counter type="LINE" missed="1" covered="11"/><counter type="COMPLEXITY" missed="0" covered="2"/><counter type="METHOD" missed="0" covered="1"/></method><method name="parseAppUserName" desc="(Ljava/lang/String;)Ljava/lang/String;" line="211"><counter type="INSTRUCTION" missed="0" covered="17"/><counter type="BRANCH" missed="0" covered="2"/><counter type="LINE" missed="0" covered="5"/><counter type="COMPLEXITY" missed="0" covered="2"/><counter type="METHOD" missed="0" covered="1"/></method><method name="parseDbUser" desc="(Ljava/lang/String;)Ljava/lang/String;" line="222"><counter type="INSTRUCTION" missed="0" covered="22"/><counter type="BRANCH" missed="0" covered="2"/><counter type="LINE" missed="0" covered="6"/><counter type="COMPLEXITY" missed="0" covered="2"/><counter type="METHOD" missed="0" covered="1"/></method><method name="trimUserAuth" desc="(Ljava/lang/String;)Ljava/lang/String;" line="235"><counter type="INSTRUCTION" missed="0" covered="29"/><counter type="BRANCH" missed="0" covered="4"/><counter type="LINE" missed="0" covered="5"/><counter type="COMPLEXITY" missed="0" covered="3"/><counter type="METHOD" missed="0" covered="1"/></method><method name="parseSessionLocator" desc="(Lco/elastic/logstash/api/Event;)Lcom/ibm/guardium/universalconnector/commons/structures/SessionLocator;" line="245"><counter type="INSTRUCTION" missed="44" covered="42"/><counter type="BRANCH" missed="9" covered="3"/><counter type="LINE" missed="11" covered="12"/><counter type="COMPLEXITY" missed="6" covered="1"/><counter type="METHOD" missed="0" covered="1"/></method><method name="parseAccessor" desc="(Lco/elastic/logstash/api/Event;)Lcom/ibm/guardium/universalconnector/commons/structures/Accessor;" line="282"><counter type="INSTRUCTION" missed="20" covered="74"/><counter type="BRANCH" missed="3" covered="3"/><counter type="LINE" missed="3" covered="21"/><counter type="COMPLEXITY" missed="3" covered="1"/><counter type="METHOD" missed="0" covered="1"/></method><method name="getTime" desc="(Lco/elastic/logstash/api/Event;)Lcom/ibm/guardium/universalconnector/commons/structures/Time;" line="322"><counter type="INSTRUCTION" missed="42" covered="44"/><counter type="BRANCH" missed="2" covered="2"/><counter type="LINE" missed="7" covered="9"/><counter type="COMPLEXITY" missed="2" covered="1"/><counter type="METHOD" missed="0" covered="1"/></method><method name="parseData" desc="(Lco/elastic/logstash/api/Event;)Lcom/ibm/guardium/universalconnector/commons/structures/Data;" line="347"><counter type="INSTRUCTION" missed="3" covered="15"/><counter type="BRANCH" missed="1" covered="1"/><counter type="LINE" missed="2" covered="6"/><counter type="COMPLEXITY" missed="1" covered="1"/><counter type="METHOD" missed="0" covered="1"/></method><method name="ParseAsConstruct" desc="(Lco/elastic/logstash/api/Event;)Lcom/ibm/guardium/universalconnector/commons/structures/Construct;" line="371"><counter type="INSTRUCTION" missed="3" covered="22"/><counter type="LINE" missed="2" covered="6"/><counter type="COMPLEXITY" missed="0" covered="1"/><counter type="METHOD" missed="0" covered="1"/></method><method name="buildSqlString" desc="(Lco/elastic/logstash/api/Event;)Ljava/lang/String;" line="385"><counter type="INSTRUCTION" missed="0" covered="116"/><counter type="BRANCH" missed="5" covered="9"/><counter type="LINE" missed="0" covered="24"/><counter type="COMPLEXITY" missed="5" covered="3"/><counter type="METHOD" missed="0" covered="1"/></method><method name="parseSentence" desc="(Lco/elastic/logstash/api/Event;)Lcom/ibm/guardium/universalconnector/commons/structures/Sentence;" line="416"><counter type="INSTRUCTION" missed="5" covered="102"/><counter type="BRANCH" missed="5" covered="9"/><counter type="LINE" missed="1" covered="19"/><counter type="COMPLEXITY" missed="5" covered="3"/><counter type="METHOD" missed="0" covered="1"/></method><method name="parseException" desc="(Lco/elastic/logstash/api/Event;)Lcom/ibm/guardium/universalconnector/commons/structures/ExceptionRecord;" line="449"><counter type="INSTRUCTION" missed="16" covered="0"/><counter type="LINE" missed="5" covered="0"/><counter type="COMPLEXITY" missed="1" covered="0"/><counter type="METHOD" missed="1" covered="0"/></method><method name="&lt;clinit&gt;" desc="()V" line="40"><counter type="INSTRUCTION" missed="0" covered="19"/><counter type="LINE" missed="0" covered="7"/><counter type="COMPLEXITY" missed="0" covered="1"/><counter type="METHOD" missed="0" covered="1"/></method><counter type="INSTRUCTION" missed="174" covered="760"/><counter type="BRANCH" missed="30" covered="50"/><counter type="LINE" missed="43" covered="178"/><counter type="COMPLEXITY" missed="30" covered="29"/><counter type="METHOD" missed="3" covered="16"/><counter type="CLASS" missed="0" covered="1"/></class><sourcefile name="HdfsGuardiumFilter.java"><line nr="40" mi="0" ci="2" mb="0" cb="0"/><line nr="42" mi="0" ci="2" mb="0" cb="0"/><line nr="43" mi="0" ci="2" mb="0" cb="0"/><line nr="78" mi="0" ci="2" mb="0" cb="0"/><line nr="79" mi="0" ci="4" mb="0" cb="0"/><line nr="80" mi="0" ci="3" mb="0" cb="0"/><line nr="81" mi="0" ci="4" mb="0" cb="0"/><line nr="83" mi="0" ci="2" mb="0" cb="0"/><line nr="85" mi="0" ci="3" mb="0" cb="0"/><line nr="86" mi="0" ci="1" mb="0" cb="0"/><line nr="90" mi="0" ci="2" mb="0" cb="2"/><line nr="91" mi="0" ci="3" mb="0" cb="0"/><line nr="92" mi="0" ci="3" mb="0" cb="0"/><line nr="94" mi="0" ci="4" mb="0" cb="0"/><line nr="95" mi="0" ci="10" mb="0" cb="2"/><line nr="96" mi="0" ci="11" mb="0" cb="0"/><line nr="97" mi="0" ci="5" mb="1" cb="1"/><line nr="99" mi="0" ci="7" mb="1" cb="1"/><line nr="101" mi="0" ci="3" mb="0" cb="0"/><line nr="103" mi="0" ci="4" mb="0" cb="0"/><line nr="104" mi="0" ci="3" mb="0" cb="0"/><line nr="105" mi="0" ci="3" mb="0" cb="0"/><line nr="106" mi="0" ci="6" mb="0" cb="0"/><line nr="108" mi="0" ci="11" mb="0" cb="0"/><line nr="109" mi="0" ci="3" mb="0" cb="0"/><line nr="110" mi="1" ci="0" mb="0" cb="0"/><line nr="111" mi="12" ci="0" mb="0" cb="0"/><line nr="112" mi="3" ci="0" mb="0" cb="0"/><line nr="113" mi="1" ci="1" mb="0" cb="0"/><line nr="115" mi="3" ci="0" mb="0" cb="0"/><line nr="118" mi="0" ci="1" mb="0" cb="0"/><line nr="121" mi="0" ci="4" mb="0" cb="0"/><line nr="122" mi="0" ci="2" mb="0" cb="0"/><line nr="127" mi="0" ci="4" mb="0" cb="0"/><line nr="128" mi="0" ci="4" mb="0" cb="0"/><line nr="129" mi="0" ci="2" mb="0" cb="0"/><line nr="130" mi="0" ci="12" mb="0" cb="2"/><line nr="131" mi="0" ci="2" mb="0" cb="2"/><line nr="132" mi="0" ci="4" mb="0" cb="0"/><line nr="134" mi="0" ci="20" mb="0" cb="0"/><line nr="135" mi="0" ci="2" mb="0" cb="0"/><line nr="136" mi="0" ci="1" mb="0" cb="0"/><line nr="137" mi="0" ci="4" mb="0" cb="0"/><line nr="138" mi="0" ci="3" mb="0" cb="0"/><line nr="139" mi="1" ci="0" mb="0" cb="0"/><line nr="140" mi="4" ci="0" mb="0" cb="0"/><line nr="141" mi="2" ci="0" mb="0" cb="0"/><line nr="148" mi="3" ci="0" mb="0" cb="0"/><line nr="153" mi="3" ci="0" mb="0" cb="0"/><line nr="157" mi="0" ci="4" mb="0" cb="0"/><line nr="159" mi="0" ci="3" mb="0" cb="0"/><line nr="160" mi="0" ci="3" mb="0" cb="0"/><line nr="162" mi="0" ci="5" mb="1" cb="1"/><line nr="163" mi="0" ci="8" mb="0" cb="0"/><line nr="165" mi="3" ci="0" mb="0" cb="0"/><line nr="168" mi="0" ci="4" mb="0" cb="0"/><line nr="169" mi="0" ci="4" mb="0" cb="0"/><line nr="171" mi="0" ci="5" mb="1" cb="1"/><line nr="172" mi="0" ci="6" mb="1" cb="1"/><line nr="173" mi="0" ci="5" mb="0" cb="0"/><line nr="175" mi="4" ci="0" mb="0" cb="0"/><line nr="179" mi="0" ci="12" mb="0" cb="0"/><line nr="180" mi="0" ci="4" mb="0" cb="0"/><line nr="182" mi="0" ci="4" mb="0" cb="0"/><line nr="184" mi="0" ci="2" mb="0" cb="0"/><line nr="188" mi="0" ci="4" mb="0" cb="0"/><line nr="189" mi="0" ci="2" mb="0" cb="0"/><line nr="191" mi="0" ci="3" mb="0" cb="0"/><line nr="193" mi="0" ci="8" mb="0" cb="0"/><line nr="195" mi="0" ci="6" mb="0" cb="0"/><line nr="197" mi="0" ci="3" mb="0" cb="0"/><line nr="199" mi="0" ci="3" mb="0" cb="0"/><line nr="201" mi="0" ci="2" mb="0" cb="2"/><line nr="202" mi="0" ci="5" mb="0" cb="0"/><line nr="204" mi="1" ci="0" mb="0" cb="0"/><line nr="205" mi="0" ci="1" mb="0" cb="0"/><line nr="207" mi="0" ci="2" mb="0" cb="0"/><line nr="211" mi="0" ci="2" mb="0" cb="0"/><line nr="212" mi="0" ci="4" mb="0" cb="0"/><line nr="214" mi="0" ci="4" mb="0" cb="2"/><line nr="215" mi="0" ci="4" mb="0" cb="0"/><line nr="218" mi="0" ci="3" mb="0" cb="0"/><line nr="222" mi="0" ci="2" mb="0" cb="0"/><line nr="223" mi="0" ci="4" mb="0" cb="0"/><line nr="225" mi="0" ci="4" mb="0" cb="2"/><line nr="226" mi="0" ci="5" mb="0" cb="0"/><line nr="228" mi="0" ci="4" mb="0" cb="0"/><line nr="231" mi="0" ci="3" mb="0" cb="0"/><line nr="235" mi="0" ci="4" mb="0" cb="2"/><line nr="236" mi="0" ci="10" mb="0" cb="0"/><line nr="237" mi="0" ci="4" mb="0" cb="2"/><line nr="238" mi="0" ci="9" mb="0" cb="0"/><line nr="241" mi="0" ci="2" mb="0" cb="0"/><line nr="245" mi="0" ci="4" mb="0" cb="0"/><line nr="246" mi="0" ci="3" mb="0" cb="0"/><line nr="248" mi="0" ci="3" mb="0" cb="0"/><line nr="249" mi="0" ci="3" mb="0" cb="0"/><line nr="250" mi="0" ci="3" mb="0" cb="0"/><line nr="251" mi="0" ci="3" mb="0" cb="0"/><line nr="253" mi="0" ci="5" mb="1" cb="1"/><line nr="254" mi="0" ci="5" mb="0" cb="0"/><line nr="255" mi="0" ci="3" mb="1" cb="1"/><line nr="256" mi="3" ci="0" mb="0" cb="0"/><line nr="257" mi="4" ci="0" mb="0" cb="0"/><line nr="259" mi="0" ci="3" mb="0" cb="0"/><line nr="262" mi="0" ci="5" mb="1" cb="1"/><line nr="263" mi="2" ci="0" mb="0" cb="0"/><line nr="264" mi="8" ci="0" mb="0" cb="0"/><line nr="265" mi="3" ci="0" mb="2" cb="0"/><line nr="266" mi="8" ci="0" mb="0" cb="0"/><line nr="268" mi="3" ci="0" mb="2" cb="0"/><line nr="269" mi="3" ci="0" mb="2" cb="0"/><line nr="270" mi="3" ci="0" mb="0" cb="0"/><line nr="271" mi="4" ci="0" mb="0" cb="0"/><line nr="273" mi="3" ci="0" mb="0" cb="0"/><line nr="278" mi="0" ci="2" mb="0" cb="0"/><line nr="282" mi="0" ci="4" mb="0" cb="0"/><line nr="284" mi="0" ci="3" mb="0" cb="0"/><line nr="285" mi="0" ci="3" mb="0" cb="0"/><line nr="287" mi="0" ci="5" mb="1" cb="1"/><line nr="289" mi="0" ci="8" mb="0" cb="0"/><line nr="291" mi="3" ci="0" mb="0" cb="0"/><line nr="294" mi="0" ci="5" mb="1" cb="1"/><line nr="295" mi="10" ci="0" mb="0" cb="0"/><line nr="297" mi="0" ci="3" mb="0" cb="0"/><line nr="299" mi="0" ci="3" mb="0" cb="0"/><line nr="301" mi="0" ci="3" mb="0" cb="0"/><line nr="302" mi="0" ci="3" mb="0" cb="0"/><line nr="304" mi="0" ci="3" mb="0" cb="0"/><line nr="305" mi="0" ci="5" mb="1" cb="1"/><line nr="306" mi="7" ci="0" mb="0" cb="0"/><line nr="308" mi="0" ci="3" mb="0" cb="0"/><line nr="310" mi="0" ci="3" mb="0" cb="0"/><line nr="311" mi="0" ci="3" mb="0" cb="0"/><line nr="312" mi="0" ci="3" mb="0" cb="0"/><line nr="313" mi="0" ci="3" mb="0" cb="0"/><line nr="314" mi="0" ci="3" mb="0" cb="0"/><line nr="315" mi="0" ci="3" mb="0" cb="0"/><line nr="316" mi="0" ci="3" mb="0" cb="0"/><line nr="318" mi="0" ci="2" mb="0" cb="0"/><line nr="322" mi="0" ci="2" mb="0" cb="0"/><line nr="324" mi="0" ci="5" mb="1" cb="1"/><line nr="325" mi="0" ci="6" mb="0" cb="0"/><line nr="327" mi="3" ci="0" mb="0" cb="0"/><line nr="328" mi="7" ci="0" mb="0" cb="0"/><line nr="331" mi="0" ci="5" mb="1" cb="1"/><line nr="332" mi="8" ci="0" mb="0" cb="0"/><line nr="333" mi="7" ci="0" mb="0" cb="0"/><line nr="334" mi="4" ci="0" mb="0" cb="0"/><line nr="335" mi="6" ci="0" mb="0" cb="0"/><line nr="336" mi="7" ci="0" mb="0" cb="0"/><line nr="338" mi="0" ci="3" mb="0" cb="0"/><line nr="339" mi="0" ci="6" mb="0" cb="0"/><line nr="340" mi="0" ci="4" mb="0" cb="0"/><line nr="341" mi="0" ci="6" mb="0" cb="0"/><line nr="342" mi="0" ci="7" mb="0" cb="0"/><line nr="347" mi="0" ci="4" mb="0" cb="0"/><line nr="349" mi="0" ci="3" mb="0" cb="0"/><line nr="350" mi="0" ci="2" mb="1" cb="1"/><line nr="351" mi="0" ci="3" mb="0" cb="0"/><line nr="363" mi="1" ci="0" mb="0" cb="0"/><line nr="364" mi="2" ci="0" mb="0" cb="0"/><line nr="365" mi="0" ci="1" mb="0" cb="0"/><line nr="366" mi="0" ci="2" mb="0" cb="0"/><line nr="371" mi="0" ci="3" mb="0" cb="0"/><line nr="373" mi="0" ci="4" mb="0" cb="0"/><line nr="374" mi="0" ci="5" mb="0" cb="0"/><line nr="376" mi="0" ci="4" mb="0" cb="0"/><line nr="377" mi="0" ci="4" mb="0" cb="0"/><line nr="378" mi="0" ci="2" mb="0" cb="0"/><line nr="379" mi="1" ci="0" mb="0" cb="0"/><line nr="380" mi="2" ci="0" mb="0" cb="0"/><line nr="385" mi="0" ci="4" mb="0" cb="0"/><line nr="386" mi="0" ci="5" mb="1" cb="1"/><line nr="387" mi="0" ci="4" mb="0" cb="0"/><line nr="388" mi="0" ci="4" mb="0" cb="0"/><line nr="389" mi="0" ci="6" mb="0" cb="0"/><line nr="391" mi="0" ci="7" mb="1" cb="1"/><line nr="392" mi="0" ci="5" mb="1" cb="1"/><line nr="393" mi="0" ci="4" mb="0" cb="0"/><line nr="394" mi="0" ci="4" mb="0" cb="0"/><line nr="395" mi="0" ci="4" mb="0" cb="0"/><line nr="396" mi="0" ci="6" mb="0" cb="0"/><line nr="398" mi="0" ci="7" mb="1" cb="1"/><line nr="399" mi="0" ci="5" mb="0" cb="2"/><line nr="400" mi="0" ci="4" mb="0" cb="0"/><line nr="401" mi="0" ci="4" mb="0" cb="0"/><line nr="402" mi="0" ci="4" mb="0" cb="0"/><line nr="403" mi="0" ci="6" mb="0" cb="0"/><line nr="405" mi="0" ci="7" mb="1" cb="1"/><line nr="406" mi="0" ci="5" mb="0" cb="2"/><line nr="407" mi="0" ci="4" mb="0" cb="0"/><line nr="408" mi="0" ci="4" mb="0" cb="0"/><line nr="409" mi="0" ci="4" mb="0" cb="0"/><line nr="410" mi="0" ci="6" mb="0" cb="0"/><line nr="412" mi="0" ci="3" mb="0" cb="0"/><line nr="416" mi="0" ci="2" mb="0" cb="0"/><line nr="418" mi="0" ci="5" mb="1" cb="1"/><line nr="419" mi="0" ci="9" mb="0" cb="0"/><line nr="421" mi="5" ci="0" mb="0" cb="0"/><line nr="424" mi="0" ci="7" mb="1" cb="1"/><line nr="425" mi="0" ci="5" mb="1" cb="1"/><line nr="426" mi="0" ci="8" mb="0" cb="0"/><line nr="427" mi="0" ci="3" mb="0" cb="0"/><line nr="428" mi="0" ci="5" mb="0" cb="0"/><line nr="431" mi="0" ci="7" mb="1" cb="1"/><line nr="432" mi="0" ci="5" mb="0" cb="2"/><line nr="433" mi="0" ci="8" mb="0" cb="0"/><line nr="434" mi="0" ci="3" mb="0" cb="0"/><line nr="435" mi="0" ci="5" mb="0" cb="0"/><line nr="438" mi="0" ci="7" mb="1" cb="1"/><line nr="439" mi="0" ci="5" mb="0" cb="2"/><line nr="440" mi="0" ci="8" mb="0" cb="0"/><line nr="441" mi="0" ci="3" mb="0" cb="0"/><line nr="442" mi="0" ci="5" mb="0" cb="0"/><line nr="445" mi="0" ci="2" mb="0" cb="0"/><line nr="449" mi="4" ci="0" mb="0" cb="0"/><line nr="450" mi="3" ci="0" mb="0" cb="0"/><line nr="451" mi="3" ci="0" mb="0" cb="0"/><line nr="452" mi="4" ci="0" mb="0" cb="0"/><line nr="453" mi="2" ci="0" mb="0" cb="0"/><counter type="INSTRUCTION" missed="174" covered="760"/><counter type="BRANCH" missed="30" covered="50"/><counter type="LINE" missed="43" covered="178"/><counter type="COMPLEXITY" missed="30" covered="29"/><counter type="METHOD" missed="3" covered="16"/><counter type="CLASS" missed="0" covered="1"/></sourcefile><counter type="INSTRUCTION" missed="174" covered="760"/><counter type="BRANCH" missed="30" covered="50"/><counter type="LINE" missed="43" covered="178"/><counter type="COMPLEXITY" missed="30" covered="29"/><counter type="METHOD" missed="3" covered="16"/><counter type="CLASS" missed="0" covered="1"/></package><counter type="INSTRUCTION" missed="174" covered="760"/><counter type="BRANCH" missed="30" covered="50"/><counter type="LINE" missed="43" covered="178"/><counter type="COMPLEXITY" missed="30" covered="29"/><counter type="METHOD" missed="3" covered="16"/><counter type="CLASS" missed="0" covered="1"/></report>